TN:
SF:./src/ng-reading-indicator.js
FN:1,(anonymous_1)
FN:8,(anonymous_2)
FN:24,(anonymous_3)
FN:27,(anonymous_4)
FN:54,extendDeep
FN:55,(anonymous_6)
FN:57,(anonymous_7)
FN:82,initizalize
FN:84,(anonymous_9)
FN:104,findEdges
FN:115,updateSize
FN:122,updateProgress
FN:132,(anonymous_13)
FN:155,calculateReadingTime
FN:179,(anonymous_15)
FN:188,(anonymous_16)
FNF:16
FNH:9
FNDA:1,(anonymous_1)
FNDA:1,(anonymous_2)
FNDA:1,(anonymous_3)
FNDA:1,(anonymous_4)
FNDA:1,extendDeep
FNDA:2,(anonymous_6)
FNDA:0,(anonymous_7)
FNDA:1,initizalize
FNDA:0,(anonymous_9)
FNDA:3,findEdges
FNDA:1,updateSize
FNDA:0,updateProgress
FNDA:0,(anonymous_13)
FNDA:0,calculateReadingTime
FNDA:0,(anonymous_15)
FNDA:0,(anonymous_16)
DA:1,1
DA:4,1
DA:6,1
DA:10,1
DA:12,1
DA:14,1
DA:16,1
DA:25,1
DA:28,1
DA:54,1
DA:55,1
DA:56,2
DA:57,1
DA:58,0
DA:59,0
DA:62,0
DA:67,1
DA:70,1
DA:72,1
DA:73,0
DA:74,1
DA:75,0
DA:78,1
DA:79,1
DA:80,1
DA:82,1
DA:83,1
DA:84,1
DA:85,0
DA:86,0
DA:87,0
DA:88,0
DA:89,0
DA:91,0
DA:94,0
DA:98,1
DA:100,1
DA:101,1
DA:104,1
DA:105,3
DA:108,3
DA:115,1
DA:116,1
DA:117,1
DA:118,1
DA:119,1
DA:122,1
DA:123,0
DA:125,0
DA:126,0
DA:128,0
DA:131,0
DA:132,0
DA:133,0
DA:136,0
DA:139,0
DA:140,0
DA:141,0
DA:142,0
DA:143,0
DA:144,0
DA:145,0
DA:146,0
DA:147,0
DA:149,0
DA:150,0
DA:151,0
DA:155,1
DA:156,0
DA:157,0
DA:158,0
DA:159,0
DA:161,0
DA:162,0
DA:165,0
DA:166,0
DA:167,0
DA:168,0
DA:169,0
DA:170,0
DA:172,0
DA:175,0
DA:178,1
DA:179,0
DA:180,0
DA:181,0
DA:185,1
DA:188,1
DA:189,0
DA:190,0
LF:90
LH:39
BRDA:25,1,0,1
BRDA:25,1,1,1
BRDA:56,2,0,1
BRDA:56,2,1,1
BRDA:58,3,0,0
BRDA:58,3,1,0
BRDA:58,4,0,0
BRDA:58,4,1,0
BRDA:58,4,2,0
BRDA:72,5,0,0
BRDA:72,5,1,1
BRDA:72,6,0,1
BRDA:72,6,1,0
BRDA:74,7,0,0
BRDA:74,7,1,1
BRDA:74,8,0,1
BRDA:74,8,1,0
BRDA:78,9,0,1
BRDA:78,9,1,0
BRDA:78,10,0,1
BRDA:78,10,1,0
BRDA:79,11,0,1
BRDA:79,11,1,0
BRDA:79,12,0,1
BRDA:79,12,1,0
BRDA:83,13,0,1
BRDA:83,13,1,0
BRDA:83,14,0,1
BRDA:83,14,1,0
BRDA:83,14,2,0
BRDA:85,15,0,0
BRDA:85,15,1,0
BRDA:85,16,0,0
BRDA:85,16,1,0
BRDA:87,17,0,0
BRDA:87,17,1,0
BRDA:87,18,0,0
BRDA:87,18,1,0
BRDA:87,18,2,0
BRDA:94,19,0,0
BRDA:94,19,1,0
BRDA:110,20,0,0
BRDA:110,20,1,3
BRDA:119,21,0,0
BRDA:119,21,1,1
BRDA:123,22,0,0
BRDA:123,22,1,0
BRDA:125,23,0,0
BRDA:125,23,1,0
BRDA:126,24,0,0
BRDA:126,24,1,0
BRDA:128,25,0,0
BRDA:128,25,1,0
BRDA:131,26,0,0
BRDA:131,26,1,0
BRDA:140,27,0,0
BRDA:140,27,1,0
BRDA:140,28,0,0
BRDA:140,28,1,0
BRDA:140,28,2,0
BRDA:140,28,3,0
BRDA:140,28,4,0
BRDA:140,28,5,0
BRDA:144,29,0,0
BRDA:144,29,1,0
BRDA:144,30,0,0
BRDA:144,30,1,0
BRDA:144,30,2,0
BRDA:144,30,3,0
BRDA:161,31,0,0
BRDA:161,31,1,0
BRDA:161,32,0,0
BRDA:161,32,1,0
BRDA:165,33,0,0
BRDA:165,33,1,0
BRDA:165,34,0,0
BRDA:165,34,1,0
BRDA:165,35,0,0
BRDA:165,35,1,0
BRDA:166,36,0,0
BRDA:166,36,1,0
BRDA:168,37,0,0
BRDA:168,37,1,0
BRDA:168,38,0,0
BRDA:168,38,1,0
BRDA:168,39,0,0
BRDA:168,39,1,0
BRDA:169,40,0,0
BRDA:169,40,1,0
BRDA:178,41,0,0
BRDA:178,41,1,1
BRDA:178,42,0,1
BRDA:178,42,1,0
BRDA:180,43,0,0
BRDA:180,43,1,0
BRDA:180,44,0,0
BRDA:180,44,1,0
BRF:97
BRH:18
end_of_record
