TN:
SF:./src/ng-reading-indicator.js
FN:1,(anonymous_1)
FN:8,(anonymous_2)
FN:24,(anonymous_3)
FN:27,(anonymous_4)
FN:50,extendDeep
FN:51,(anonymous_6)
FN:53,(anonymous_7)
FN:76,initizalize
FN:78,(anonymous_9)
FN:98,findEdges
FN:108,updateSize
FN:115,updateProgress
FN:135,calculateReadingTime
FN:160,(anonymous_14)
FN:169,(anonymous_15)
FNF:15
FNH:7
FNDA:1,(anonymous_1)
FNDA:1,(anonymous_2)
FNDA:1,(anonymous_3)
FNDA:1,(anonymous_4)
FNDA:1,extendDeep
FNDA:2,(anonymous_6)
FNDA:0,(anonymous_7)
FNDA:1,initizalize
FNDA:0,(anonymous_9)
FNDA:0,findEdges
FNDA:0,updateSize
FNDA:0,updateProgress
FNDA:0,calculateReadingTime
FNDA:0,(anonymous_14)
FNDA:0,(anonymous_15)
DA:1,1
DA:4,1
DA:6,1
DA:10,1
DA:12,1
DA:14,1
DA:16,1
DA:25,1
DA:28,1
DA:50,1
DA:51,1
DA:52,2
DA:53,1
DA:54,0
DA:55,0
DA:58,0
DA:63,1
DA:66,1
DA:68,1
DA:69,0
DA:72,1
DA:73,1
DA:74,1
DA:76,1
DA:77,1
DA:78,1
DA:79,0
DA:80,0
DA:81,0
DA:82,0
DA:84,0
DA:87,0
DA:88,0
DA:90,0
DA:92,0
DA:93,0
DA:98,1
DA:99,0
DA:102,0
DA:108,1
DA:109,0
DA:110,0
DA:111,0
DA:112,0
DA:115,1
DA:116,0
DA:117,0
DA:118,0
DA:120,0
DA:121,0
DA:122,0
DA:123,0
DA:124,0
DA:125,0
DA:126,0
DA:127,0
DA:128,0
DA:130,0
DA:135,1
DA:136,0
DA:137,0
DA:138,0
DA:139,0
DA:141,0
DA:142,0
DA:145,0
DA:146,0
DA:148,0
DA:149,0
DA:150,0
DA:151,0
DA:153,0
DA:156,0
DA:159,1
DA:160,0
DA:161,0
DA:162,0
DA:166,1
DA:169,1
DA:170,0
DA:171,0
LF:81
LH:29
BRDA:25,1,0,1
BRDA:25,1,1,1
BRDA:52,2,0,1
BRDA:52,2,1,1
BRDA:54,3,0,0
BRDA:54,3,1,0
BRDA:54,4,0,0
BRDA:54,4,1,0
BRDA:54,4,2,0
BRDA:68,5,0,0
BRDA:68,5,1,1
BRDA:68,6,0,1
BRDA:68,6,1,0
BRDA:72,7,0,1
BRDA:72,7,1,0
BRDA:72,8,0,1
BRDA:72,8,1,0
BRDA:73,9,0,1
BRDA:73,9,1,0
BRDA:73,10,0,1
BRDA:73,10,1,0
BRDA:77,11,0,1
BRDA:77,11,1,0
BRDA:77,12,0,1
BRDA:77,12,1,0
BRDA:77,12,2,0
BRDA:79,13,0,0
BRDA:79,13,1,0
BRDA:79,14,0,0
BRDA:79,14,1,0
BRDA:81,15,0,0
BRDA:81,15,1,0
BRDA:81,16,0,0
BRDA:81,16,1,0
BRDA:81,16,2,0
BRDA:87,17,0,0
BRDA:87,17,1,0
BRDA:88,18,0,0
BRDA:88,18,1,0
BRDA:111,19,0,0
BRDA:111,19,1,0
BRDA:116,20,0,0
BRDA:116,20,1,0
BRDA:117,21,0,0
BRDA:117,21,1,0
BRDA:120,22,0,0
BRDA:120,22,1,0
BRDA:121,23,0,0
BRDA:121,23,1,0
BRDA:121,24,0,0
BRDA:121,24,1,0
BRDA:125,25,0,0
BRDA:125,25,1,0
BRDA:141,26,0,0
BRDA:141,26,1,0
BRDA:141,27,0,0
BRDA:141,27,1,0
BRDA:145,28,0,0
BRDA:145,28,1,0
BRDA:148,29,0,0
BRDA:148,29,1,0
BRDA:150,30,0,0
BRDA:150,30,1,0
BRDA:159,31,0,0
BRDA:159,31,1,1
BRDA:159,32,0,1
BRDA:159,32,1,0
BRDA:161,33,0,0
BRDA:161,33,1,0
BRDA:161,34,0,0
BRDA:161,34,1,0
BRF:71
BRH:14
end_of_record
